<?xml version="1.0" encoding="UTF-8"?>
<!-- Generated by org.testng.reporters.JUnitXMLReporter -->
<testsuite ignored="0" hostname="LAPTOP-4UJG74BB" failures="0" tests="4" name="Banking test1" time="0.894" errors="0" timestamp="25 Jan 2022 10:18:57 GMT">
  <testcase classname="com.bank.testcases.BaseClass" name="@BeforeClass setup" time="0.012">
    <failure type="java.lang.NullPointerException" message="Cannot invoke &amp;quot;org.openqa.selenium.WebDriver.manage()&amp;quot; because &amp;quot;com.bank.testcases.BaseClass.driver&amp;quot; is null">
      <![CDATA[java.lang.NullPointerException: Cannot invoke "org.openqa.selenium.WebDriver.manage()" because "com.bank.testcases.BaseClass.driver" is null
at com.bank.testcases.BaseClass.setup(BaseClass.java:40)
... Removed 26 stack frames]]>
    </failure>
  </testcase> <!-- @BeforeClass setup -->
  <testcase classname="com.bank.testcases.BaseClass" name="@AfterClass tearDown" time="0.0">
    <skipped/>
  </testcase> <!-- @AfterClass tearDown -->
  <testcase classname="com.bank.testcases.TC_LoginDDT_002" name="loginDDT" time="0.0">
    <skipped/>
  </testcase> <!-- loginDDT -->
  <testcase classname="com.bank.testcases.TC_LoginDDT_002" name="loginDDT" time="0.0">
    <skipped/>
  </testcase> <!-- loginDDT -->
  <testcase classname="com.bank.testcases.TC_LoginDDT_002" name="loginDDT" time="0.0">
    <skipped/>
  </testcase> <!-- loginDDT -->
  <testcase classname="com.bank.testcases.TC_LoginDDT_002" name="loginDDT" time="0.0">
    <skipped/>
  </testcase> <!-- loginDDT -->
</testsuite> <!-- Banking test1 -->
